# JRE version: OpenJDK Runtime Environment Temurin-17.0.1+12 (17.0.1+12) (build 17.0.1+12)
# Java VM: OpenJDK 64-Bit Server VM Temurin-17.0.1+12 (17.0.1+12, mixed mode, tiered, compressed oops, compressed class ptrs, parallel gc, windows-amd64)
GC Precious Log:
 CPUs: 8 total, 8 available
 Memory: 6077M
 Large Page Support: Disabled
 NUMA Support: Disabled
 Compressed Oops: Enabled (32-bit)
 Alignments: Space 512K, Generation 512K, Heap 2M
 Heap Min Capacity: 100M
 Heap Initial Capacity: 100M
 Heap Max Capacity: 1G
 Pre-touch: Disabled
 Parallel Workers: 8
Heap:
 PSYoungGen      total 12288K, used 8210K [0x00000000eab00000, 0x00000000ebd00000, 0x0000000100000000)
  eden space 8704K, 57% used [0x00000000eab00000,0x00000000eafe90d8,0x00000000eb380000)
  from space 3584K, 88% used [0x00000000eb980000,0x00000000ebc9b9f8,0x00000000ebd00000)
  to   space 4096K, 0% used [0x00000000eb500000,0x00000000eb500000,0x00000000eb900000)
 ParOldGen       total 699392K, used 243424K [0x00000000c0000000, 0x00000000eab00000, 0x00000000eab00000)
  object space 699392K, 34% used [0x00000000c0000000,0x00000000cedb8260,0x00000000eab00000)
 Metaspace       used 50777K, committed 51520K, reserved 1097728K
  class space    used 5609K, committed 5952K, reserved 1048576K
GC Heap History (20 events):
Event: 117.772 GC heap after
{Heap after GC invocations=639 (full 514):
 PSYoungGen      total 9728K, used 7167K [0x00000000eab00000, 0x00000000eb780000, 0x0000000100000000)
  eden space 7168K, 99% used [0x00000000eab00000,0x00000000eb1ffff0,0x00000000eb200000)
  from space 2560K, 0% used [0x00000000eb480000,0x00000000eb480000,0x00000000eb700000)
  to   space 2560K, 0% used [0x00000000eb200000,0x00000000eb200000,0x00000000eb480000)
 ParOldGen       total 231936K, used 231696K [0x00000000c0000000, 0x00000000ce280000, 0x00000000eab00000)
  object space 231936K, 99% used [0x00000000c0000000,0x00000000ce2441b0,0x00000000ce280000)
 Metaspace       used 50776K, committed 51520K, reserved 1097728K
  class space    used 5609K, committed 5952K, reserved 1048576K
}
Event: 117.772 GC heap before
{Heap before GC invocations=640 (full 515):
 PSYoungGen      total 9728K, used 7168K [0x00000000eab00000, 0x00000000eb780000, 0x0000000100000000)
  eden space 7168K, 100% used [0x00000000eab00000,0x00000000eb200000,0x00000000eb200000)
  from space 2560K, 0% used [0x00000000eb480000,0x00000000eb480000,0x00000000eb700000)
  to   space 2560K, 0% used [0x00000000eb200000,0x00000000eb200000,0x00000000eb480000)
 ParOldGen       total 231936K, used 231699K [0x00000000c0000000, 0x00000000ce280000, 0x00000000eab00000)
  object space 231936K, 99% used [0x00000000c0000000,0x00000000ce244e28,0x00000000ce280000)
 Metaspace       used 50776K, committed 51520K, reserved 1097728K
  class space    used 5609K, committed 5952K, reserved 1048576K
}
Event: 117.970 GC heap after
{Heap after GC invocations=640 (full 515):
 PSYoungGen      total 9728K, used 7167K [0x00000000eab00000, 0x00000000eb780000, 0x0000000100000000)
  eden space 7168K, 99% used [0x00000000eab00000,0x00000000eb1fff60,0x00000000eb200000)
  from space 2560K, 0% used [0x00000000eb200000,0x00000000eb200000,0x00000000eb480000)
  to   space 2560K, 0% used [0x00000000eb480000,0x00000000eb480000,0x00000000eb700000)
 ParOldGen       total 231936K, used 231696K [0x00000000c0000000, 0x00000000ce280000, 0x00000000eab00000)
  object space 231936K, 99% used [0x00000000c0000000,0x00000000ce244240,0x00000000ce280000)
 Metaspace       used 50776K, committed 51520K, reserved 1097728K
  class space    used 5609K, committed 5952K, reserved 1048576K
}
Event: 117.997 GC heap before
{Heap before GC invocations=641 (full 516):
 PSYoungGen      total 9728K, used 7167K [0x00000000eab00000, 0x00000000eb780000, 0x0000000100000000)
  eden space 7168K, 99% used [0x00000000eab00000,0x00000000eb1ffff8,0x00000000eb200000)
  from space 2560K, 0% used [0x00000000eb200000,0x00000000eb200000,0x00000000eb480000)
  to   space 2560K, 0% used [0x00000000eb480000,0x00000000eb480000,0x00000000eb700000)
 ParOldGen       total 231936K, used 231696K [0x00000000c0000000, 0x00000000ce280000, 0x00000000eab00000)
  object space 231936K, 99% used [0x00000000c0000000,0x00000000ce244240,0x00000000ce280000)
 Metaspace       used 50776K, committed 51520K, reserved 1097728K
  class space    used 5609K, committed 5952K, reserved 1048576K
}
Event: 118.151 GC heap after
{Heap after GC invocations=641 (full 516):
 PSYoungGen      total 9728K, used 7167K [0x00000000eab00000, 0x00000000eb780000, 0x0000000100000000)
  eden space 7168K, 99% used [0x00000000eab00000,0x00000000eb1fffd0,0x00000000eb200000)
  from space 2560K, 0% used [0x00000000eb480000,0x00000000eb480000,0x00000000eb700000)
  to   space 2560K, 0% used [0x00000000eb200000,0x00000000eb200000,0x00000000eb480000)
 ParOldGen       total 231936K, used 231696K [0x00000000c0000000, 0x00000000ce280000, 0x00000000eab00000)
  object space 231936K, 99% used [0x00000000c0000000,0x00000000ce244240,0x00000000ce280000)
 Metaspace       used 50776K, committed 51520K, reserved 1097728K
  class space    used 5609K, committed 5952K, reserved 1048576K
}
Event: 118.151 GC heap before
{Heap before GC invocations=642 (full 517):
 PSYoungGen      total 9728K, used 7168K [0x00000000eab00000, 0x00000000eb780000, 0x0000000100000000)
  eden space 7168K, 100% used [0x00000000eab00000,0x00000000eb200000,0x00000000eb200000)
  from space 2560K, 0% used [0x00000000eb480000,0x00000000eb480000,0x00000000eb700000)
  to   space 2560K, 0% used [0x00000000eb200000,0x00000000eb200000,0x00000000eb480000)
 ParOldGen       total 231936K, used 231696K [0x00000000c0000000, 0x00000000ce280000, 0x00000000eab00000)
  object space 231936K, 99% used [0x00000000c0000000,0x00000000ce244240,0x00000000ce280000)
 Metaspace       used 50776K, committed 51520K, reserved 1097728K
  class space    used 5609K, committed 5952K, reserved 1048576K
}
Event: 118.324 GC heap after
{Heap after GC invocations=642 (full 517):
 PSYoungGen      total 9728K, used 7168K [0x00000000eab00000, 0x00000000eb780000, 0x0000000100000000)
  eden space 7168K, 100% used [0x00000000eab00000,0x00000000eb200000,0x00000000eb200000)
  from space 2560K, 0% used [0x00000000eb200000,0x00000000eb200000,0x00000000eb480000)
  to   space 2560K, 0% used [0x00000000eb480000,0x00000000eb480000,0x00000000eb700000)
 ParOldGen       total 231936K, used 231696K [0x00000000c0000000, 0x00000000ce280000, 0x00000000eab00000)
  object space 231936K, 99% used [0x00000000c0000000,0x00000000ce244240,0x00000000ce280000)
 Metaspace       used 50776K, committed 51520K, reserved 1097728K
  class space    used 5609K, committed 5952K, reserved 1048576K
}
Event: 118.326 GC heap before
{Heap before GC invocations=643 (full 518):
 PSYoungGen      total 9728K, used 7168K [0x00000000eab00000, 0x00000000eb780000, 0x0000000100000000)
  eden space 7168K, 100% used [0x00000000eab00000,0x00000000eb200000,0x00000000eb200000)
  from space 2560K, 0% used [0x00000000eb200000,0x00000000eb200000,0x00000000eb480000)
  to   space 2560K, 0% used [0x00000000eb480000,0x00000000eb480000,0x00000000eb700000)
 ParOldGen       total 231936K, used 231699K [0x00000000c0000000, 0x00000000ce280000, 0x00000000eab00000)
  object space 231936K, 99% used [0x00000000c0000000,0x00000000ce244d00,0x00000000ce280000)
 Metaspace       used 50776K, committed 51520K, reserved 1097728K
  class space    used 5609K, committed 5952K, reserved 1048576K
}
Event: 118.533 GC heap after
{Heap after GC invocations=643 (full 518):
 PSYoungGen      total 9728K, used 7167K [0x00000000eab00000, 0x00000000eb780000, 0x0000000100000000)
  eden space 7168K, 99% used [0x00000000eab00000,0x00000000eb1fff60,0x00000000eb200000)
  from space 2560K, 0% used [0x00000000eb480000,0x00000000eb480000,0x00000000eb700000)
  to   space 2560K, 0% used [0x00000000eb200000,0x00000000eb200000,0x00000000eb480000)
 ParOldGen       total 231936K, used 231696K [0x00000000c0000000, 0x00000000ce280000, 0x00000000eab00000)
  object space 231936K, 99% used [0x00000000c0000000,0x00000000ce2440c8,0x00000000ce280000)
 Metaspace       used 50776K, committed 51520K, reserved 1097728K
  class space    used 5609K, committed 5952K, reserved 1048576K
}
Event: 118.543 GC heap before
{Heap before GC invocations=644 (full 519):
 PSYoungGen      total 9728K, used 7168K [0x00000000eab00000, 0x00000000eb780000, 0x0000000100000000)
  eden space 7168K, 100% used [0x00000000eab00000,0x00000000eb200000,0x00000000eb200000)
  from space 2560K, 0% used [0x00000000eb480000,0x00000000eb480000,0x00000000eb700000)
  to   space 2560K, 0% used [0x00000000eb200000,0x00000000eb200000,0x00000000eb480000)
 ParOldGen       total 231936K, used 231696K [0x00000000c0000000, 0x00000000ce280000, 0x00000000eab00000)
  object space 231936K, 99% used [0x00000000c0000000,0x00000000ce2440c8,0x00000000ce280000)
 Metaspace       used 50776K, committed 51520K, reserved 1097728K
  class space    used 5609K, committed 5952K, reserved 1048576K
}
Event: 118.732 GC heap after
{Heap after GC invocations=644 (full 519):
 PSYoungGen      total 9728K, used 7167K [0x00000000eab00000, 0x00000000eb780000, 0x0000000100000000)
  eden space 7168K, 99% used [0x00000000eab00000,0x00000000eb1fffd8,0x00000000eb200000)
  from space 2560K, 0% used [0x00000000eb200000,0x00000000eb200000,0x00000000eb480000)
  to   space 2560K, 0% used [0x00000000eb480000,0x00000000eb480000,0x00000000eb700000)
 ParOldGen       total 231936K, used 231696K [0x00000000c0000000, 0x00000000ce280000, 0x00000000eab00000)
  object space 231936K, 99% used [0x00000000c0000000,0x00000000ce2440c8,0x00000000ce280000)
 Metaspace       used 50776K, committed 51520K, reserved 1097728K
  class space    used 5609K, committed 5952K, reserved 1048576K
}
Event: 118.732 GC heap before
{Heap before GC invocations=645 (full 520):
 PSYoungGen      total 9728K, used 7167K [0x00000000eab00000, 0x00000000eb780000, 0x0000000100000000)
  eden space 7168K, 99% used [0x00000000eab00000,0x00000000eb1ffff0,0x00000000eb200000)
  from space 2560K, 0% used [0x00000000eb200000,0x00000000eb200000,0x00000000eb480000)
  to   space 2560K, 0% used [0x00000000eb480000,0x00000000eb480000,0x00000000eb700000)
 ParOldGen       total 231936K, used 231696K [0x00000000c0000000, 0x00000000ce280000, 0x00000000eab00000)
  object space 231936K, 99% used [0x00000000c0000000,0x00000000ce2440c8,0x00000000ce280000)
 Metaspace       used 50776K, committed 51520K, reserved 1097728K
  class space    used 5609K, committed 5952K, reserved 1048576K
}
Event: 118.937 GC heap after
{Heap after GC invocations=645 (full 520):
 PSYoungGen      total 9728K, used 7167K [0x00000000eab00000, 0x00000000eb780000, 0x0000000100000000)
  eden space 7168K, 99% used [0x00000000eab00000,0x00000000eb1ffff0,0x00000000eb200000)
  from space 2560K, 0% used [0x00000000eb480000,0x00000000eb480000,0x00000000eb700000)
  to   space 2560K, 0% used [0x00000000eb200000,0x00000000eb200000,0x00000000eb480000)
 ParOldGen       total 699392K, used 231696K [0x00000000c0000000, 0x00000000eab00000, 0x00000000eab00000)
  object space 699392K, 33% used [0x00000000c0000000,0x00000000ce2440c8,0x00000000eab00000)
 Metaspace       used 50776K, committed 51520K, reserved 1097728K
  class space    used 5609K, committed 5952K, reserved 1048576K
}
Event: 118.938 GC heap before
{Heap before GC invocations=646 (full 520):
 PSYoungGen      total 9728K, used 7168K [0x00000000eab00000, 0x00000000eb780000, 0x0000000100000000)
  eden space 7168K, 100% used [0x00000000eab00000,0x00000000eb200000,0x00000000eb200000)
  from space 2560K, 0% used [0x00000000eb480000,0x00000000eb480000,0x00000000eb700000)
  to   space 2560K, 0% used [0x00000000eb200000,0x00000000eb200000,0x00000000eb480000)
 ParOldGen       total 699392K, used 231700K [0x00000000c0000000, 0x00000000eab00000, 0x00000000eab00000)
  object space 699392K, 33% used [0x00000000c0000000,0x00000000ce245100,0x00000000eab00000)
 Metaspace       used 50776K, committed 51520K, reserved 1097728K
  class space    used 5609K, committed 5952K, reserved 1048576K
}
Event: 119.036 GC heap after
{Heap after GC invocations=646 (full 520):
 PSYoungGen      total 9728K, used 2544K [0x00000000eab00000, 0x00000000ec380000, 0x0000000100000000)
  eden space 7168K, 0% used [0x00000000eab00000,0x00000000eab00000,0x00000000eb200000)
  from space 2560K, 99% used [0x00000000eb200000,0x00000000eb47c218,0x00000000eb480000)
  to   space 8704K, 0% used [0x00000000ebb00000,0x00000000ebb00000,0x00000000ec380000)
 ParOldGen       total 699392K, used 236517K [0x00000000c0000000, 0x00000000eab00000, 0x00000000eab00000)
  object space 699392K, 33% used [0x00000000c0000000,0x00000000ce6f94d8,0x00000000eab00000)
 Metaspace       used 50776K, committed 51520K, reserved 1097728K
  class space    used 5609K, committed 5952K, reserved 1048576K
}
Event: 119.116 GC heap before
{Heap before GC invocations=647 (full 520):
 PSYoungGen      total 9728K, used 9712K [0x00000000eab00000, 0x00000000ec380000, 0x0000000100000000)
  eden space 7168K, 99% used [0x00000000eab00000,0x00000000eb1fffd0,0x00000000eb200000)
  from space 2560K, 99% used [0x00000000eb200000,0x00000000eb47c218,0x00000000eb480000)
  to   space 8704K, 0% used [0x00000000ebb00000,0x00000000ebb00000,0x00000000ec380000)
 ParOldGen       total 699392K, used 236517K [0x00000000c0000000, 0x00000000eab00000, 0x00000000eab00000)
  object space 699392K, 33% used [0x00000000c0000000,0x00000000ce6f94d8,0x00000000eab00000)
 Metaspace       used 50776K, committed 51520K, reserved 1097728K
  class space    used 5609K, committed 5952K, reserved 1048576K
}
Event: 119.133 GC heap after
{Heap after GC invocations=647 (full 520):
 PSYoungGen      total 10240K, used 2180K [0x00000000eab00000, 0x00000000ebd80000, 0x0000000100000000)
  eden space 7680K, 0% used [0x00000000eab00000,0x00000000eab00000,0x00000000eb280000)
  from space 2560K, 85% used [0x00000000ebb00000,0x00000000ebd212c8,0x00000000ebd80000)
  to   space 4096K, 0% used [0x00000000eb580000,0x00000000eb580000,0x00000000eb980000)
 ParOldGen       total 699392K, used 239071K [0x00000000c0000000, 0x00000000eab00000, 0x00000000eab00000)
  object space 699392K, 34% used [0x00000000c0000000,0x00000000ce977f20,0x00000000eab00000)
 Metaspace       used 50776K, committed 51520K, reserved 1097728K
  class space    used 5609K, committed 5952K, reserved 1048576K
}
Event: 119.548 GC heap before
{Heap before GC invocations=648 (full 520):
 PSYoungGen      total 10240K, used 9860K [0x00000000eab00000, 0x00000000ebd80000, 0x0000000100000000)
  eden space 7680K, 99% used [0x00000000eab00000,0x00000000eb27ffc8,0x00000000eb280000)
  from space 2560K, 85% used [0x00000000ebb00000,0x00000000ebd212c8,0x00000000ebd80000)
  to   space 4096K, 0% used [0x00000000eb580000,0x00000000eb580000,0x00000000eb980000)
 ParOldGen       total 699392K, used 239071K [0x00000000c0000000, 0x00000000eab00000, 0x00000000eab00000)
  object space 699392K, 34% used [0x00000000c0000000,0x00000000ce977f20,0x00000000eab00000)
 Metaspace       used 50776K, committed 51520K, reserved 1097728K
  class space    used 5609K, committed 5952K, reserved 1048576K
}
Event: 119.553 GC heap after
{Heap after GC invocations=648 (full 520):
 PSYoungGen      total 12288K, used 4094K [0x00000000eab00000, 0x00000000ebd00000, 0x0000000100000000)
  eden space 8192K, 0% used [0x00000000eab00000,0x00000000eab00000,0x00000000eb300000)
  from space 4096K, 99% used [0x00000000eb580000,0x00000000eb97f8f0,0x00000000eb980000)
  to   space 3584K, 0% used [0x00000000eb980000,0x00000000eb980000,0x00000000ebd00000)
 ParOldGen       total 699392K, used 239488K [0x00000000c0000000, 0x00000000eab00000, 0x00000000eab00000)
  object space 699392K, 34% used [0x00000000c0000000,0x00000000ce9e02a8,0x00000000eab00000)
 Metaspace       used 50776K, committed 51520K, reserved 1097728K
  class space    used 5609K, committed 5952K, reserved 1048576K
}
Event: 119.802 GC heap before
{Heap before GC invocations=649 (full 520):
 PSYoungGen      total 12288K, used 12286K [0x00000000eab00000, 0x00000000ebd00000, 0x0000000100000000)
  eden space 8192K, 100% used [0x00000000eab00000,0x00000000eb300000,0x00000000eb300000)
  from space 4096K, 99% used [0x00000000eb580000,0x00000000eb97f8f0,0x00000000eb980000)
  to   space 3584K, 0% used [0x00000000eb980000,0x00000000eb980000,0x00000000ebd00000)
 ParOldGen       total 699392K, used 239488K [0x00000000c0000000, 0x00000000eab00000, 0x00000000eab00000)
  object space 699392K, 34% used [0x00000000c0000000,0x00000000ce9e02a8,0x00000000eab00000)
 Metaspace       used 50776K, committed 51520K, reserved 1097728K
  class space    used 5609K, committed 5952K, reserved 1048576K
}

